[INFO ] 2025-04-13 13:55:58.927 [main] eCommerceProject - Authenticaltion token and UserId has been generated successfully
[INFO ] 2025-04-13 13:55:58.930 [main] eCommerceProject - Authenticaltion token and User has been fetched successfully
[INFO ] 2025-04-13 13:56:00.253 [main] eCommerceProject - Product has been Added successfully
[INFO ] 2025-04-13 13:56:00.256 [main] eCommerceProject - Authenticaltion token and ProductId has been fetched successfully
[INFO ] 2025-04-13 13:56:00.768 [main] eCommerceProject - Order has been placed successfully
[INFO ] 2025-04-13 13:56:00.770 [main] eCommerceProject - Authenticaltion token and OrderId has been fetched successfully
[INFO ] 2025-04-13 13:56:01.254 [main] eCommerceProject - Order has been deleted successfully
[INFO ] 2025-04-13 13:56:01.255 [main] eCommerceProject - Authenticaltion token and ProductId has been fetched successfully
[INFO ] 2025-04-13 13:56:01.761 [main] eCommerceProject - Product has been deleted Successfully
[INFO ] 2025-04-13 14:00:39.049 [main] eCommerceProject - Authenticaltion token and UserId has been generated successfully
[INFO ] 2025-04-13 14:00:39.052 [main] eCommerceProject - Authenticaltion token and User has been fetched successfully
[INFO ] 2025-04-13 14:00:40.377 [main] eCommerceProject - Product has been Added successfully
[INFO ] 2025-04-13 14:00:40.380 [main] eCommerceProject - Authenticaltion token and ProductId has been fetched successfully
[INFO ] 2025-04-13 14:00:40.868 [main] eCommerceProject - Order has been placed successfully
[INFO ] 2025-04-13 14:00:40.870 [main] eCommerceProject - Authenticaltion token and OrderId has been fetched successfully
[INFO ] 2025-04-13 14:00:41.356 [main] eCommerceProject - Order has been deleted successfully
[INFO ] 2025-04-13 14:00:41.360 [main] eCommerceProject - Authenticaltion token and ProductId has been fetched successfully
[INFO ] 2025-04-13 14:00:41.836 [main] eCommerceProject - Product has been deleted Successfully
[INFO ] 2025-04-13 14:03:13.825 [main] eCommerceProject - Authenticaltion token and UserId has been generated successfully
[INFO ] 2025-04-13 14:03:13.830 [main] eCommerceProject - Authenticaltion token and User has been fetched successfully
[INFO ] 2025-04-13 14:03:15.130 [main] eCommerceProject - Product has been Added successfully
[INFO ] 2025-04-13 14:03:15.132 [main] eCommerceProject - Authenticaltion token and ProductId has been fetched successfully
[INFO ] 2025-04-13 14:03:15.635 [main] eCommerceProject - Order has been placed successfully
[INFO ] 2025-04-13 14:03:15.637 [main] eCommerceProject - Authenticaltion token and OrderId has been fetched successfully
[INFO ] 2025-04-13 14:03:16.139 [main] eCommerceProject - Order has been deleted successfully
[INFO ] 2025-04-13 14:03:16.141 [main] eCommerceProject - Authenticaltion token and ProductId has been fetched successfully
[INFO ] 2025-04-13 14:03:16.642 [main] eCommerceProject - Product has been deleted Successfully
[INFO ] 2025-04-13 15:20:28.683 [main] eCommerceProject - Authenticaltion token and UserId has been generated successfully
[INFO ] 2025-04-13 15:20:28.708 [main] eCommerceProject - Authenticaltion token and User has been fetched successfully
[INFO ] 2025-04-13 15:20:30.166 [main] eCommerceProject - Product has been Added successfully
[INFO ] 2025-04-13 15:20:30.173 [main] eCommerceProject - Authenticaltion token and ProductId has been fetched successfully
[INFO ] 2025-04-13 15:20:30.656 [main] eCommerceProject - Order has been placed successfully
[INFO ] 2025-04-13 15:20:30.659 [main] eCommerceProject - Authenticaltion token and OrderId has been fetched successfully
[INFO ] 2025-04-13 15:20:31.126 [main] eCommerceProject - Order has been deleted successfully
[INFO ] 2025-04-13 15:20:31.130 [main] eCommerceProject - Authenticaltion token and ProductId has been fetched successfully
[INFO ] 2025-04-13 15:20:31.590 [main] eCommerceProject - Product has been deleted Successfully
[INFO ] 2025-04-13 15:35:27.362 [main] eCommerceProject - Authenticaltion token and UserId has been generated successfully
[INFO ] 2025-04-13 15:35:27.387 [main] eCommerceProject - Authenticaltion token and User has been fetched successfully
[INFO ] 2025-04-13 15:35:28.715 [main] eCommerceProject - Product has been Added successfully
[INFO ] 2025-04-13 15:35:28.718 [main] eCommerceProject - Authenticaltion token and ProductId has been fetched successfully
[INFO ] 2025-04-13 15:35:29.185 [main] eCommerceProject - Order has been placed successfully
[INFO ] 2025-04-13 15:35:29.187 [main] eCommerceProject - Authenticaltion token and OrderId has been fetched successfully
[INFO ] 2025-04-13 15:35:29.660 [main] eCommerceProject - Order has been deleted successfully
[INFO ] 2025-04-13 15:35:29.664 [main] eCommerceProject - Authenticaltion token and ProductId has been fetched successfully
[INFO ] 2025-04-13 15:35:30.129 [main] eCommerceProject - Product has been deleted Successfully
[INFO ] 2025-04-13 15:36:19.860 [main] eCommerceProject - Authenticaltion token and UserId has been generated successfully
[INFO ] 2025-04-13 15:36:19.884 [main] eCommerceProject - Authenticaltion token and User has been fetched successfully
[INFO ] 2025-04-13 15:36:21.221 [main] eCommerceProject - Product has been Added successfully
[INFO ] 2025-04-13 15:36:21.229 [main] eCommerceProject - Authenticaltion token and ProductId has been fetched successfully
[INFO ] 2025-04-13 15:36:21.711 [main] eCommerceProject - Order has been placed successfully
[INFO ] 2025-04-13 15:36:21.714 [main] eCommerceProject - Authenticaltion token and OrderId has been fetched successfully
[INFO ] 2025-04-13 15:36:22.191 [main] eCommerceProject - Order has been deleted successfully
[INFO ] 2025-04-13 15:36:22.194 [main] eCommerceProject - Authenticaltion token and ProductId has been fetched successfully
[INFO ] 2025-04-13 15:36:22.669 [main] eCommerceProject - Product has been deleted Successfully
